2012-02-18
    Updated plan
    Starting on interface for frame
    Fixed video interface some
    Added richtext README's to repo

2012-02-17
    Updated plan
    Discussed project details and overall structure
    Wrote base for rendering testdata with cnagy
    Came up with some square-testdata video with cnagy
    created videoformat .pngvid with cnagy

2012-02-16
    Finilized the draft for a timeplan.
    Discussed how a PF worked
    Discussed implementation details.

2012-02-15
    Inspected and experimented some with trivial thirdparty python impl. of a PF
    Discussed the project
    Worked on the plan and reference-document

2012-02-13

    Starting reference-document 2hrs.
    Discussing aspects of the project with cnagy 2hrs.
    Monday Meeting 2hrs.

